<?xml version="1.0" encoding="UTF-8" standalone="no"?>
<testsuite errors="0" failures="0" name="io.cucumber.core.plugin.JUnitFormatter" skipped="0" tests="1" time="7.927">
    <testcase classname="Crm login" name="login into crm account" time="7.868">
        <system-out><![CDATA[Given user is on home page..................................................passed
When user clicks on LogIN...................................................passed
When user enters username "Pratiksandhu6162@gmail.com" and password "Pratik@123" and clicks on login button.passed
Then user is signed in and verify title.....................................passed
]]></system-out>
    </testcase>
</testsuite>
