<?xml version="1.0" encoding="UTF-8"?>
<testsuite xmlns:xsi="http://www.w3.org/2001/XMLSchema-instance" xsi:noNamespaceSchemaLocation="https://maven.apache.org/surefire/maven-failsafe-plugin/xsd/failsafe-test-report-3.0.xsd" version="3.0" name="test afterSignInPage" time="32.622" tests="2" errors="0" skipped="0" failures="0">
  <properties>
    <property name="gopherProxySet" value="false"/>
    <property name="awt.toolkit" value="sun.lwawt.macosx.LWCToolkit"/>
    <property name="java.specification.version" value="11"/>
    <property name="webdriver.chrome.driver" value="/Users/pratiksandhu/.cache/selenium/chromedriver/mac-arm64/116.0.5845.96/chromedriver"/>
    <property name="sun.cpu.isalist" value=""/>
    <property name="sun.jnu.encoding" value="UTF-8"/>
    <property name="java.class.path" value="/Users/pratiksandhu/eclipse-workspace/BDDCucumberLatest/target/test-classes:/Users/pratiksandhu/eclipse-workspace/BDDCucumberLatest/target/BDDCucumberLatest-0.0.1-SNAPSHOT.jar:/Users/pratiksandhu/.m2/repository/io/cucumber/cucumber-java/6.9.0/cucumber-java-6.9.0.jar:/Users/pratiksandhu/.m2/repository/io/cucumber/cucumber-core/6.9.0/cucumber-core-6.9.0.jar:/Users/pratiksandhu/.m2/repository/io/cucumber/cucumber-gherkin/6.9.0/cucumber-gherkin-6.9.0.jar:/Users/pratiksandhu/.m2/repository/io/cucumber/cucumber-gherkin-messages/6.9.0/cucumber-gherkin-messages-6.9.0.jar:/Users/pratiksandhu/.m2/repository/io/cucumber/messages/13.2.0/messages-13.2.0.jar:/Users/pratiksandhu/.m2/repository/io/cucumber/tag-expressions/3.0.0/tag-expressions-3.0.0.jar:/Users/pratiksandhu/.m2/repository/io/cucumber/cucumber-expressions/10.3.0/cucumber-expressions-10.3.0.jar:/Users/pratiksandhu/.m2/repository/io/cucumber/datatable/3.5.0/datatable-3.5.0.jar:/Users/pratiksandhu/.m2/repository/io/cucumber/cucumber-plugin/6.9.0/cucumber-plugin-6.9.0.jar:/Users/pratiksandhu/.m2/repository/io/cucumber/docstring/6.9.0/docstring-6.9.0.jar:/Users/pratiksandhu/.m2/repository/io/cucumber/html-formatter/9.0.0/html-formatter-9.0.0.jar:/Users/pratiksandhu/.m2/repository/io/cucumber/create-meta/2.0.4/create-meta-2.0.4.jar:/Users/pratiksandhu/.m2/repository/org/apiguardian/apiguardian-api/1.1.0/apiguardian-api-1.1.0.jar:/Users/pratiksandhu/.m2/repository/io/cucumber/cucumber-junit/6.9.0/cucumber-junit-6.9.0.jar:/Users/pratiksandhu/.m2/repository/junit/junit/4.13.1/junit-4.13.1.jar:/Users/pratiksandhu/.m2/repository/org/hamcrest/hamcrest-core/1.3/hamcrest-core-1.3.jar:/Users/pratiksandhu/.m2/repository/org/seleniumhq/selenium/selenium-java/3.141.59/selenium-java-3.141.59.jar:/Users/pratiksandhu/.m2/repository/org/seleniumhq/selenium/selenium-api/3.141.59/selenium-api-3.141.59.jar:/Users/pratiksandhu/.m2/repository/org/seleniumhq/selenium/selenium-chrome-driver/3.141.59/selenium-chrome-driver-3.141.59.jar:/Users/pratiksandhu/.m2/repository/org/seleniumhq/selenium/selenium-edge-driver/3.141.59/selenium-edge-driver-3.141.59.jar:/Users/pratiksandhu/.m2/repository/org/seleniumhq/selenium/selenium-firefox-driver/3.141.59/selenium-firefox-driver-3.141.59.jar:/Users/pratiksandhu/.m2/repository/org/seleniumhq/selenium/selenium-ie-driver/3.141.59/selenium-ie-driver-3.141.59.jar:/Users/pratiksandhu/.m2/repository/org/seleniumhq/selenium/selenium-opera-driver/3.141.59/selenium-opera-driver-3.141.59.jar:/Users/pratiksandhu/.m2/repository/org/seleniumhq/selenium/selenium-remote-driver/3.141.59/selenium-remote-driver-3.141.59.jar:/Users/pratiksandhu/.m2/repository/org/seleniumhq/selenium/selenium-safari-driver/3.141.59/selenium-safari-driver-3.141.59.jar:/Users/pratiksandhu/.m2/repository/org/seleniumhq/selenium/selenium-support/3.141.59/selenium-support-3.141.59.jar:/Users/pratiksandhu/.m2/repository/net/bytebuddy/byte-buddy/1.8.15/byte-buddy-1.8.15.jar:/Users/pratiksandhu/.m2/repository/org/apache/commons/commons-exec/1.3/commons-exec-1.3.jar:/Users/pratiksandhu/.m2/repository/com/google/guava/guava/25.0-jre/guava-25.0-jre.jar:/Users/pratiksandhu/.m2/repository/com/google/code/findbugs/jsr305/1.3.9/jsr305-1.3.9.jar:/Users/pratiksandhu/.m2/repository/org/checkerframework/checker-compat-qual/2.0.0/checker-compat-qual-2.0.0.jar:/Users/pratiksandhu/.m2/repository/com/google/errorprone/error_prone_annotations/2.1.3/error_prone_annotations-2.1.3.jar:/Users/pratiksandhu/.m2/repository/com/google/j2objc/j2objc-annotations/1.1/j2objc-annotations-1.1.jar:/Users/pratiksandhu/.m2/repository/org/codehaus/mojo/animal-sniffer-annotations/1.14/animal-sniffer-annotations-1.14.jar:/Users/pratiksandhu/.m2/repository/com/squareup/okhttp3/okhttp/3.11.0/okhttp-3.11.0.jar:/Users/pratiksandhu/.m2/repository/com/squareup/okio/okio/1.14.0/okio-1.14.0.jar:/Users/pratiksandhu/.m2/repository/io/github/bonigarcia/webdrivermanager/5.4.1/webdrivermanager-5.4.1.jar:/Users/pratiksandhu/.m2/repository/org/slf4j/slf4j-api/2.0.7/slf4j-api-2.0.7.jar:/Users/pratiksandhu/.m2/repository/com/google/code/gson/gson/2.10.1/gson-2.10.1.jar:/Users/pratiksandhu/.m2/repository/com/github/docker-java/docker-java/3.3.2/docker-java-3.3.2.jar:/Users/pratiksandhu/.m2/repository/com/github/docker-java/docker-java-core/3.3.2/docker-java-core-3.3.2.jar:/Users/pratiksandhu/.m2/repository/com/github/docker-java/docker-java-api/3.3.2/docker-java-api-3.3.2.jar:/Users/pratiksandhu/.m2/repository/com/fasterxml/jackson/core/jackson-annotations/2.10.3/jackson-annotations-2.10.3.jar:/Users/pratiksandhu/.m2/repository/commons-io/commons-io/2.6/commons-io-2.6.jar:/Users/pratiksandhu/.m2/repository/com/fasterxml/jackson/core/jackson-databind/2.10.3/jackson-databind-2.10.3.jar:/Users/pratiksandhu/.m2/repository/com/fasterxml/jackson/core/jackson-core/2.10.3/jackson-core-2.10.3.jar:/Users/pratiksandhu/.m2/repository/org/bouncycastle/bcpkix-jdk15on/1.64/bcpkix-jdk15on-1.64.jar:/Users/pratiksandhu/.m2/repository/org/bouncycastle/bcprov-jdk15on/1.64/bcprov-jdk15on-1.64.jar:/Users/pratiksandhu/.m2/repository/org/slf4j/jcl-over-slf4j/1.7.30/jcl-over-slf4j-1.7.30.jar:/Users/pratiksandhu/.m2/repository/com/github/docker-java/docker-java-transport-httpclient5/3.3.2/docker-java-transport-httpclient5-3.3.2.jar:/Users/pratiksandhu/.m2/repository/com/github/docker-java/docker-java-transport/3.3.2/docker-java-transport-3.3.2.jar:/Users/pratiksandhu/.m2/repository/net/java/dev/jna/jna/5.12.1/jna-5.12.1.jar:/Users/pratiksandhu/.m2/repository/org/brotli/dec/0.1.2/dec-0.1.2.jar:/Users/pratiksandhu/.m2/repository/org/apache/commons/commons-lang3/3.12.0/commons-lang3-3.12.0.jar:/Users/pratiksandhu/.m2/repository/org/apache/httpcomponents/client5/httpclient5/5.2.1/httpclient5-5.2.1.jar:/Users/pratiksandhu/.m2/repository/org/apache/httpcomponents/core5/httpcore5/5.2/httpcore5-5.2.jar:/Users/pratiksandhu/.m2/repository/org/apache/httpcomponents/core5/httpcore5-h2/5.2/httpcore5-h2-5.2.jar:/Users/pratiksandhu/.m2/repository/tech/grasshopper/extentreports-cucumber6-adapter/2.8.0/extentreports-cucumber6-adapter-2.8.0.jar:/Users/pratiksandhu/.m2/repository/com/aventstack/extentreports/5.0.6/extentreports-5.0.6.jar:/Users/pratiksandhu/.m2/repository/io/reactivex/rxjava3/rxjava/3.0.4/rxjava-3.0.4.jar:/Users/pratiksandhu/.m2/repository/org/reactivestreams/reactive-streams/1.0.3/reactive-streams-1.0.3.jar:/Users/pratiksandhu/.m2/repository/org/freemarker/freemarker/2.3.30/freemarker-2.3.30.jar:/Users/pratiksandhu/.m2/repository/org/projectlombok/lombok/1.18.12/lombok-1.18.12.jar:/Users/pratiksandhu/.m2/repository/tech/grasshopper/extent-pdf-report/1.7.0/extent-pdf-report-1.7.0.jar:/Users/pratiksandhu/.m2/repository/tech/grasshopper/cucumber-pdf-report/2.2.0/cucumber-pdf-report-2.2.0.jar:/Users/pratiksandhu/.m2/repository/org/apache/pdfbox/pdfbox/2.0.22/pdfbox-2.0.22.jar:/Users/pratiksandhu/.m2/repository/org/apache/pdfbox/fontbox/2.0.22/fontbox-2.0.22.jar:/Users/pratiksandhu/.m2/repository/org/knowm/xchart/xchart/3.8.0/xchart-3.8.0.jar:/Users/pratiksandhu/.m2/repository/de/erichseifert/vectorgraphics2d/VectorGraphics2D/0.13/VectorGraphics2D-0.13.jar:/Users/pratiksandhu/.m2/repository/de/rototor/pdfbox/graphics2d/0.30/graphics2d-0.30.jar:/Users/pratiksandhu/.m2/repository/com/madgag/animated-gif-lib/1.4/animated-gif-lib-1.4.jar:/Users/pratiksandhu/.m2/repository/org/yaml/snakeyaml/1.28/snakeyaml-1.28.jar:/Users/pratiksandhu/.m2/repository/tech/grasshopper/table-layout/1.2.0/table-layout-1.2.0.jar:/Users/pratiksandhu/.m2/repository/org/jsoup/jsoup/1.13.1/jsoup-1.13.1.jar:/Users/pratiksandhu/.m2/repository/com/aventstack/klov-reporter/5.0.6/klov-reporter-5.0.6.jar:/Users/pratiksandhu/.m2/repository/org/mongodb/bson/3.6.4/bson-3.6.4.jar:/Users/pratiksandhu/.m2/repository/org/apache/httpcomponents/httpclient/4.5.2/httpclient-4.5.2.jar:/Users/pratiksandhu/.m2/repository/org/apache/httpcomponents/httpcore/4.4.4/httpcore-4.4.4.jar:/Users/pratiksandhu/.m2/repository/commons-logging/commons-logging/1.2/commons-logging-1.2.jar:/Users/pratiksandhu/.m2/repository/org/apache/httpcomponents/httpmime/4.5.2/httpmime-4.5.2.jar:/Users/pratiksandhu/.m2/repository/org/mongodb/mongodb-driver/3.3.0/mongodb-driver-3.3.0.jar:/Users/pratiksandhu/.m2/repository/org/mongodb/mongodb-driver-core/3.3.0/mongodb-driver-core-3.3.0.jar:/Users/pratiksandhu/.m2/repository/org/apache/poi/poi/4.1.2/poi-4.1.2.jar:/Users/pratiksandhu/.m2/repository/commons-codec/commons-codec/1.13/commons-codec-1.13.jar:/Users/pratiksandhu/.m2/repository/org/apache/commons/commons-collections4/4.4/commons-collections4-4.4.jar:/Users/pratiksandhu/.m2/repository/org/apache/commons/commons-math3/3.6.1/commons-math3-3.6.1.jar:/Users/pratiksandhu/.m2/repository/com/zaxxer/SparseBitSet/1.2/SparseBitSet-1.2.jar:/Users/pratiksandhu/.m2/repository/org/apache/poi/poi-ooxml/4.1.2/poi-ooxml-4.1.2.jar:/Users/pratiksandhu/.m2/repository/org/apache/poi/poi-ooxml-schemas/4.1.2/poi-ooxml-schemas-4.1.2.jar:/Users/pratiksandhu/.m2/repository/org/apache/xmlbeans/xmlbeans/3.1.0/xmlbeans-3.1.0.jar:/Users/pratiksandhu/.m2/repository/org/apache/commons/commons-compress/1.19/commons-compress-1.19.jar:/Users/pratiksandhu/.m2/repository/com/github/virtuald/curvesapi/1.06/curvesapi-1.06.jar:"/>
    <property name="java.vm.vendor" value="Oracle Corporation"/>
    <property name="sun.arch.data.model" value="64"/>
    <property name="java.vendor.url" value="https://openjdk.java.net/"/>
    <property name="user.timezone" value="America/Toronto"/>
    <property name="java.vm.specification.version" value="11"/>
    <property name="os.name" value="Mac OS X"/>
    <property name="sun.java.launcher" value="SUN_STANDARD"/>
    <property name="user.country" value="CA"/>
    <property name="sun.boot.library.path" value="/Library/Java/JavaVirtualMachines/jdk-11.jdk/Contents/Home/lib"/>
    <property name="sun.java.command" value="/Users/pratiksandhu/eclipse-workspace/BDDCucumberLatest/target/surefire/surefirebooter11855780734121552098.jar /Users/pratiksandhu/eclipse-workspace/BDDCucumberLatest/target/surefire 2023-08-31T12-38-10_683-jvmRun1 surefire10413150918757645917tmp surefire_010318068091900029427tmp"/>
    <property name="http.nonProxyHosts" value="local|*.local|169.254/16|*.169.254/16"/>
    <property name="jdk.debug" value="release"/>
    <property name="surefire.test.class.path" value="/Users/pratiksandhu/eclipse-workspace/BDDCucumberLatest/target/test-classes:/Users/pratiksandhu/eclipse-workspace/BDDCucumberLatest/target/BDDCucumberLatest-0.0.1-SNAPSHOT.jar:/Users/pratiksandhu/.m2/repository/io/cucumber/cucumber-java/6.9.0/cucumber-java-6.9.0.jar:/Users/pratiksandhu/.m2/repository/io/cucumber/cucumber-core/6.9.0/cucumber-core-6.9.0.jar:/Users/pratiksandhu/.m2/repository/io/cucumber/cucumber-gherkin/6.9.0/cucumber-gherkin-6.9.0.jar:/Users/pratiksandhu/.m2/repository/io/cucumber/cucumber-gherkin-messages/6.9.0/cucumber-gherkin-messages-6.9.0.jar:/Users/pratiksandhu/.m2/repository/io/cucumber/messages/13.2.0/messages-13.2.0.jar:/Users/pratiksandhu/.m2/repository/io/cucumber/tag-expressions/3.0.0/tag-expressions-3.0.0.jar:/Users/pratiksandhu/.m2/repository/io/cucumber/cucumber-expressions/10.3.0/cucumber-expressions-10.3.0.jar:/Users/pratiksandhu/.m2/repository/io/cucumber/datatable/3.5.0/datatable-3.5.0.jar:/Users/pratiksandhu/.m2/repository/io/cucumber/cucumber-plugin/6.9.0/cucumber-plugin-6.9.0.jar:/Users/pratiksandhu/.m2/repository/io/cucumber/docstring/6.9.0/docstring-6.9.0.jar:/Users/pratiksandhu/.m2/repository/io/cucumber/html-formatter/9.0.0/html-formatter-9.0.0.jar:/Users/pratiksandhu/.m2/repository/io/cucumber/create-meta/2.0.4/create-meta-2.0.4.jar:/Users/pratiksandhu/.m2/repository/org/apiguardian/apiguardian-api/1.1.0/apiguardian-api-1.1.0.jar:/Users/pratiksandhu/.m2/repository/io/cucumber/cucumber-junit/6.9.0/cucumber-junit-6.9.0.jar:/Users/pratiksandhu/.m2/repository/junit/junit/4.13.1/junit-4.13.1.jar:/Users/pratiksandhu/.m2/repository/org/hamcrest/hamcrest-core/1.3/hamcrest-core-1.3.jar:/Users/pratiksandhu/.m2/repository/org/seleniumhq/selenium/selenium-java/3.141.59/selenium-java-3.141.59.jar:/Users/pratiksandhu/.m2/repository/org/seleniumhq/selenium/selenium-api/3.141.59/selenium-api-3.141.59.jar:/Users/pratiksandhu/.m2/repository/org/seleniumhq/selenium/selenium-chrome-driver/3.141.59/selenium-chrome-driver-3.141.59.jar:/Users/pratiksandhu/.m2/repository/org/seleniumhq/selenium/selenium-edge-driver/3.141.59/selenium-edge-driver-3.141.59.jar:/Users/pratiksandhu/.m2/repository/org/seleniumhq/selenium/selenium-firefox-driver/3.141.59/selenium-firefox-driver-3.141.59.jar:/Users/pratiksandhu/.m2/repository/org/seleniumhq/selenium/selenium-ie-driver/3.141.59/selenium-ie-driver-3.141.59.jar:/Users/pratiksandhu/.m2/repository/org/seleniumhq/selenium/selenium-opera-driver/3.141.59/selenium-opera-driver-3.141.59.jar:/Users/pratiksandhu/.m2/repository/org/seleniumhq/selenium/selenium-remote-driver/3.141.59/selenium-remote-driver-3.141.59.jar:/Users/pratiksandhu/.m2/repository/org/seleniumhq/selenium/selenium-safari-driver/3.141.59/selenium-safari-driver-3.141.59.jar:/Users/pratiksandhu/.m2/repository/org/seleniumhq/selenium/selenium-support/3.141.59/selenium-support-3.141.59.jar:/Users/pratiksandhu/.m2/repository/net/bytebuddy/byte-buddy/1.8.15/byte-buddy-1.8.15.jar:/Users/pratiksandhu/.m2/repository/org/apache/commons/commons-exec/1.3/commons-exec-1.3.jar:/Users/pratiksandhu/.m2/repository/com/google/guava/guava/25.0-jre/guava-25.0-jre.jar:/Users/pratiksandhu/.m2/repository/com/google/code/findbugs/jsr305/1.3.9/jsr305-1.3.9.jar:/Users/pratiksandhu/.m2/repository/org/checkerframework/checker-compat-qual/2.0.0/checker-compat-qual-2.0.0.jar:/Users/pratiksandhu/.m2/repository/com/google/errorprone/error_prone_annotations/2.1.3/error_prone_annotations-2.1.3.jar:/Users/pratiksandhu/.m2/repository/com/google/j2objc/j2objc-annotations/1.1/j2objc-annotations-1.1.jar:/Users/pratiksandhu/.m2/repository/org/codehaus/mojo/animal-sniffer-annotations/1.14/animal-sniffer-annotations-1.14.jar:/Users/pratiksandhu/.m2/repository/com/squareup/okhttp3/okhttp/3.11.0/okhttp-3.11.0.jar:/Users/pratiksandhu/.m2/repository/com/squareup/okio/okio/1.14.0/okio-1.14.0.jar:/Users/pratiksandhu/.m2/repository/io/github/bonigarcia/webdrivermanager/5.4.1/webdrivermanager-5.4.1.jar:/Users/pratiksandhu/.m2/repository/org/slf4j/slf4j-api/2.0.7/slf4j-api-2.0.7.jar:/Users/pratiksandhu/.m2/repository/com/google/code/gson/gson/2.10.1/gson-2.10.1.jar:/Users/pratiksandhu/.m2/repository/com/github/docker-java/docker-java/3.3.2/docker-java-3.3.2.jar:/Users/pratiksandhu/.m2/repository/com/github/docker-java/docker-java-core/3.3.2/docker-java-core-3.3.2.jar:/Users/pratiksandhu/.m2/repository/com/github/docker-java/docker-java-api/3.3.2/docker-java-api-3.3.2.jar:/Users/pratiksandhu/.m2/repository/com/fasterxml/jackson/core/jackson-annotations/2.10.3/jackson-annotations-2.10.3.jar:/Users/pratiksandhu/.m2/repository/commons-io/commons-io/2.6/commons-io-2.6.jar:/Users/pratiksandhu/.m2/repository/com/fasterxml/jackson/core/jackson-databind/2.10.3/jackson-databind-2.10.3.jar:/Users/pratiksandhu/.m2/repository/com/fasterxml/jackson/core/jackson-core/2.10.3/jackson-core-2.10.3.jar:/Users/pratiksandhu/.m2/repository/org/bouncycastle/bcpkix-jdk15on/1.64/bcpkix-jdk15on-1.64.jar:/Users/pratiksandhu/.m2/repository/org/bouncycastle/bcprov-jdk15on/1.64/bcprov-jdk15on-1.64.jar:/Users/pratiksandhu/.m2/repository/org/slf4j/jcl-over-slf4j/1.7.30/jcl-over-slf4j-1.7.30.jar:/Users/pratiksandhu/.m2/repository/com/github/docker-java/docker-java-transport-httpclient5/3.3.2/docker-java-transport-httpclient5-3.3.2.jar:/Users/pratiksandhu/.m2/repository/com/github/docker-java/docker-java-transport/3.3.2/docker-java-transport-3.3.2.jar:/Users/pratiksandhu/.m2/repository/net/java/dev/jna/jna/5.12.1/jna-5.12.1.jar:/Users/pratiksandhu/.m2/repository/org/brotli/dec/0.1.2/dec-0.1.2.jar:/Users/pratiksandhu/.m2/repository/org/apache/commons/commons-lang3/3.12.0/commons-lang3-3.12.0.jar:/Users/pratiksandhu/.m2/repository/org/apache/httpcomponents/client5/httpclient5/5.2.1/httpclient5-5.2.1.jar:/Users/pratiksandhu/.m2/repository/org/apache/httpcomponents/core5/httpcore5/5.2/httpcore5-5.2.jar:/Users/pratiksandhu/.m2/repository/org/apache/httpcomponents/core5/httpcore5-h2/5.2/httpcore5-h2-5.2.jar:/Users/pratiksandhu/.m2/repository/tech/grasshopper/extentreports-cucumber6-adapter/2.8.0/extentreports-cucumber6-adapter-2.8.0.jar:/Users/pratiksandhu/.m2/repository/com/aventstack/extentreports/5.0.6/extentreports-5.0.6.jar:/Users/pratiksandhu/.m2/repository/io/reactivex/rxjava3/rxjava/3.0.4/rxjava-3.0.4.jar:/Users/pratiksandhu/.m2/repository/org/reactivestreams/reactive-streams/1.0.3/reactive-streams-1.0.3.jar:/Users/pratiksandhu/.m2/repository/org/freemarker/freemarker/2.3.30/freemarker-2.3.30.jar:/Users/pratiksandhu/.m2/repository/org/projectlombok/lombok/1.18.12/lombok-1.18.12.jar:/Users/pratiksandhu/.m2/repository/tech/grasshopper/extent-pdf-report/1.7.0/extent-pdf-report-1.7.0.jar:/Users/pratiksandhu/.m2/repository/tech/grasshopper/cucumber-pdf-report/2.2.0/cucumber-pdf-report-2.2.0.jar:/Users/pratiksandhu/.m2/repository/org/apache/pdfbox/pdfbox/2.0.22/pdfbox-2.0.22.jar:/Users/pratiksandhu/.m2/repository/org/apache/pdfbox/fontbox/2.0.22/fontbox-2.0.22.jar:/Users/pratiksandhu/.m2/repository/org/knowm/xchart/xchart/3.8.0/xchart-3.8.0.jar:/Users/pratiksandhu/.m2/repository/de/erichseifert/vectorgraphics2d/VectorGraphics2D/0.13/VectorGraphics2D-0.13.jar:/Users/pratiksandhu/.m2/repository/de/rototor/pdfbox/graphics2d/0.30/graphics2d-0.30.jar:/Users/pratiksandhu/.m2/repository/com/madgag/animated-gif-lib/1.4/animated-gif-lib-1.4.jar:/Users/pratiksandhu/.m2/repository/org/yaml/snakeyaml/1.28/snakeyaml-1.28.jar:/Users/pratiksandhu/.m2/repository/tech/grasshopper/table-layout/1.2.0/table-layout-1.2.0.jar:/Users/pratiksandhu/.m2/repository/org/jsoup/jsoup/1.13.1/jsoup-1.13.1.jar:/Users/pratiksandhu/.m2/repository/com/aventstack/klov-reporter/5.0.6/klov-reporter-5.0.6.jar:/Users/pratiksandhu/.m2/repository/org/mongodb/bson/3.6.4/bson-3.6.4.jar:/Users/pratiksandhu/.m2/repository/org/apache/httpcomponents/httpclient/4.5.2/httpclient-4.5.2.jar:/Users/pratiksandhu/.m2/repository/org/apache/httpcomponents/httpcore/4.4.4/httpcore-4.4.4.jar:/Users/pratiksandhu/.m2/repository/commons-logging/commons-logging/1.2/commons-logging-1.2.jar:/Users/pratiksandhu/.m2/repository/org/apache/httpcomponents/httpmime/4.5.2/httpmime-4.5.2.jar:/Users/pratiksandhu/.m2/repository/org/mongodb/mongodb-driver/3.3.0/mongodb-driver-3.3.0.jar:/Users/pratiksandhu/.m2/repository/org/mongodb/mongodb-driver-core/3.3.0/mongodb-driver-core-3.3.0.jar:/Users/pratiksandhu/.m2/repository/org/apache/poi/poi/4.1.2/poi-4.1.2.jar:/Users/pratiksandhu/.m2/repository/commons-codec/commons-codec/1.13/commons-codec-1.13.jar:/Users/pratiksandhu/.m2/repository/org/apache/commons/commons-collections4/4.4/commons-collections4-4.4.jar:/Users/pratiksandhu/.m2/repository/org/apache/commons/commons-math3/3.6.1/commons-math3-3.6.1.jar:/Users/pratiksandhu/.m2/repository/com/zaxxer/SparseBitSet/1.2/SparseBitSet-1.2.jar:/Users/pratiksandhu/.m2/repository/org/apache/poi/poi-ooxml/4.1.2/poi-ooxml-4.1.2.jar:/Users/pratiksandhu/.m2/repository/org/apache/poi/poi-ooxml-schemas/4.1.2/poi-ooxml-schemas-4.1.2.jar:/Users/pratiksandhu/.m2/repository/org/apache/xmlbeans/xmlbeans/3.1.0/xmlbeans-3.1.0.jar:/Users/pratiksandhu/.m2/repository/org/apache/commons/commons-compress/1.19/commons-compress-1.19.jar:/Users/pratiksandhu/.m2/repository/com/github/virtuald/curvesapi/1.06/curvesapi-1.06.jar:"/>
    <property name="sun.cpu.endian" value="little"/>
    <property name="user.home" value="/Users/pratiksandhu"/>
    <property name="user.language" value="en"/>
    <property name="java.specification.vendor" value="Oracle Corporation"/>
    <property name="java.version.date" value="2023-04-18"/>
    <property name="java.home" value="/Library/Java/JavaVirtualMachines/jdk-11.jdk/Contents/Home"/>
    <property name="file.separator" value="/"/>
    <property name="basedir" value="/Users/pratiksandhu/eclipse-workspace/BDDCucumberLatest"/>
    <property name="java.vm.compressedOopsMode" value="Zero based"/>
    <property name="line.separator" value="&#10;"/>
    <property name="java.specification.name" value="Java Platform API Specification"/>
    <property name="java.vm.specification.vendor" value="Oracle Corporation"/>
    <property name="java.awt.graphicsenv" value="sun.awt.CGraphicsEnvironment"/>
    <property name="surefire.real.class.path" value="/Users/pratiksandhu/eclipse-workspace/BDDCucumberLatest/target/surefire/surefirebooter11855780734121552098.jar"/>
    <property name="sun.management.compiler" value="HotSpot 64-Bit Tiered Compilers"/>
    <property name="ftp.nonProxyHosts" value="local|*.local|169.254/16|*.169.254/16"/>
    <property name="java.runtime.version" value="11.0.19+9-LTS-224"/>
    <property name="user.name" value="pratiksandhu"/>
    <property name="path.separator" value=":"/>
    <property name="os.version" value="13.5.1"/>
    <property name="java.runtime.name" value="Java(TM) SE Runtime Environment"/>
    <property name="file.encoding" value="UTF-8"/>
    <property name="java.vm.name" value="Java HotSpot(TM) 64-Bit Server VM"/>
    <property name="java.vendor.version" value="18.9"/>
    <property name="localRepository" value="/Users/pratiksandhu/.m2/repository"/>
    <property name="java.vendor.url.bug" value="https://bugreport.java.com/bugreport/"/>
    <property name="java.io.tmpdir" value="/var/folders/kl/x7sg3c3s7w562p63ff2t1xgm0000gn/T/"/>
    <property name="java.version" value="11.0.19"/>
    <property name="user.dir" value="/Users/pratiksandhu/eclipse-workspace/BDDCucumberLatest"/>
    <property name="os.arch" value="aarch64"/>
    <property name="java.vm.specification.name" value="Java Virtual Machine Specification"/>
    <property name="java.awt.printerjob" value="sun.lwawt.macosx.CPrinterJob"/>
    <property name="sun.os.patch.level" value="unknown"/>
    <property name="java.library.path" value="/Users/pratiksandhu/Library/Java/Extensions:/Library/Java/Extensions:/Network/Library/Java/Extensions:/System/Library/Java/Extensions:/usr/lib/java:."/>
    <property name="java.vendor" value="Oracle Corporation"/>
    <property name="java.vm.info" value="mixed mode"/>
    <property name="java.vm.version" value="11.0.19+9-LTS-224"/>
    <property name="sun.io.unicode.encoding" value="UnicodeBig"/>
    <property name="java.class.version" value="55.0"/>
    <property name="socksNonProxyHosts" value="local|*.local|169.254/16|*.169.254/16"/>
  </properties>
  <testcase name="test contacts page" classname="test afterSignInPage" time="19.639"/>
  <testcase name="test deals page" classname="test afterSignInPage" time="12.983"/>
</testsuite>