<?xml version="1.0" encoding="UTF-8"?>
<!-- Generated by org.testng.reporters.JUnitReportReporter -->
<testsuite hostname="Pratiks-MBP" failures="0" tests="1" name="parallelExecution.FailedTests" time="14.076" errors="0" timestamp="2023-08-31T12:29:41 EDT" skipped="0">
  <testcase classname="parallelExecution.FailedTests" name="runScenario" time="14.076"/>
  <system-out/>
</testsuite> <!-- parallelExecution.FailedTests -->
