<?xml version="1.0" encoding="UTF-8"?>
<!-- Generated by org.testng.reporters.JUnitReportReporter -->
<testsuite hostname="Pratiks-MacBook-Pro.local" failures="0" tests="1" name="parallelExecution.ParallelRun" time="7.912" errors="0" timestamp="12 Sep. 2023 18:12:56 GMT" skipped="0">
  <testcase classname="parallelExecution.ParallelRun" name="runScenario" time="7.912"/>
</testsuite> <!-- parallelExecution.ParallelRun -->
