<?xml version="1.0" encoding="UTF-8"?>
<!-- Generated by org.testng.reporters.JUnitReportReporter -->
<testsuite hostname="Pratiks-MBP" failures="0" tests="3" name="parallelExecution.ParallelRun" time="40.086" errors="0" timestamp="02 Sep. 2023 07:38:30 GMT" skipped="0">
  <testcase classname="parallelExecution.ParallelRun" name="runScenario" time="4.608"/>
  <testcase classname="parallelExecution.ParallelRun" name="runScenario" time="14.741"/>
  <testcase classname="parallelExecution.ParallelRun" name="runScenario" time="20.737"/>
</testsuite> <!-- parallelExecution.ParallelRun -->
