<?xml version="1.0" encoding="UTF-8"?>
<!-- Generated by org.testng.reporters.JUnitReportReporter -->
<testsuite hostname="Pratiks-MBP" failures="0" tests="1" name="parallelExecution.ParallelRun" time="3.894" errors="0" timestamp="09 Sep. 2023 06:12:10 GMT" skipped="0">
  <testcase classname="parallelExecution.ParallelRun" name="runScenario" time="3.894"/>
</testsuite> <!-- parallelExecution.ParallelRun -->
