<?xml version="1.0" encoding="UTF-8"?>
<!-- Generated by org.testng.reporters.JUnitReportReporter -->
<testsuite hostname="Pratiks-MBP" failures="0" tests="3" name="parallelExecution.ParallelRun" time="39.440" errors="0" timestamp="01 Sep. 2023 20:50:19 GMT" skipped="0">
  <testcase classname="parallelExecution.ParallelRun" name="runScenario" time="4.490"/>
  <testcase classname="parallelExecution.ParallelRun" name="runScenario" time="14.280"/>
  <testcase classname="parallelExecution.ParallelRun" name="runScenario" time="20.670"/>
</testsuite> <!-- parallelExecution.ParallelRun -->
